<?xml version="1.0" encoding="UTF-8"?>
<testng-results ignored="0" total="1" passed="1" failed="0" skipped="0">
  <reporter-output>
  </reporter-output>
  <suite started-at="2021-04-26T19:33:11 IST" name="Default suite" finished-at="2021-04-26T19:33:56 IST" duration-ms="44362">
    <groups>
    </groups>
    <test started-at="2021-04-26T19:33:11 IST" name="Default test" finished-at="2021-04-26T19:33:56 IST" duration-ms="44362">
      <class name="com.application.testcases.TC12_OpenCart_Apply_Coupon">
        <test-method is-config="true" signature="setExtent()[pri:0, instance:com.application.testcases.TC12_OpenCart_Apply_Coupon@545b995e]" started-at="2021-04-26T19:33:11 IST" name="setExtent" finished-at="2021-04-26T19:33:11 IST" duration-ms="306" status="PASS">
          <reporter-output>
          </reporter-output>
        </test-method> <!-- setExtent -->
        <test-method is-config="true" signature="loadConfig()[pri:0, instance:com.application.testcases.TC12_OpenCart_Apply_Coupon@545b995e]" started-at="2021-04-26T19:33:12 IST" name="loadConfig" finished-at="2021-04-26T19:33:12 IST" duration-ms="3" status="PASS">
          <reporter-output>
          </reporter-output>
        </test-method> <!-- loadConfig -->
        <test-method is-config="true" signature="setup()[pri:0, instance:com.application.testcases.TC12_OpenCart_Apply_Coupon@545b995e]" started-at="2021-04-26T19:33:12 IST" name="setup" finished-at="2021-04-26T19:33:23 IST" duration-ms="11246" status="PASS">
          <reporter-output>
          </reporter-output>
        </test-method> <!-- setup -->
        <test-method signature="Login()[pri:-1, instance:com.application.testcases.TC12_OpenCart_Apply_Coupon@545b995e]" started-at="2021-04-26T19:33:23 IST" name="Login" finished-at="2021-04-26T19:33:54 IST" duration-ms="31574" status="PASS">
          <reporter-output>
          </reporter-output>
        </test-method> <!-- Login -->
        <test-method is-config="true" signature="tearDown()[pri:0, instance:com.application.testcases.TC12_OpenCart_Apply_Coupon@545b995e]" started-at="2021-04-26T19:33:54 IST" name="tearDown" finished-at="2021-04-26T19:33:56 IST" duration-ms="1445" status="PASS">
          <reporter-output>
          </reporter-output>
        </test-method> <!-- tearDown -->
        <test-method is-config="true" signature="endReport()[pri:0, instance:com.application.testcases.TC12_OpenCart_Apply_Coupon@545b995e]" started-at="2021-04-26T19:33:56 IST" name="endReport" finished-at="2021-04-26T19:33:57 IST" duration-ms="927" status="PASS">
          <reporter-output>
          </reporter-output>
        </test-method> <!-- endReport -->
      </class> <!-- com.application.testcases.TC12_OpenCart_Apply_Coupon -->
    </test> <!-- Default test -->
  </suite> <!-- Default suite -->
</testng-results>
